2018-08-11 14:49:13 ::1 (pid 5584) :Pub:!INFO: Creation du cache c39b5b903c77a575d77f60f6f49d3f9c.cache pour 43200 secondes
2018-08-11 14:49:13 ::1 (pid 5584) :Pub:!INFO: Creation du cache 9c154d54fe69021134bb0bfed84e2a0b.cache pour 43200 secondes
2018-08-11 14:49:13 ::1 (pid 5584) :Pub:!INFO: Creation du cache a09b4c377c6617ab3e9bd0c23a897b94.cache pour 43200 secondes
2018-08-11 14:49:13 ::1 (pid 5584) :Pub:!INFO: Creation du cache 50913e52f2b6c318116a9cba32211e33.cache pour 43200 secondes
2018-08-11 14:49:13 ::1 (pid 5584) :Pub:!INFO: Creation du cache b3c6025137b28b377aeff5a37e6400f5.cache pour 43200 secondes
2018-08-11 14:49:13 ::1 (pid 5584) :Pub:!INFO: Creation du cache 9a28d789ae1af0ff4ae468c079e76965.cache pour 43200 secondes
2018-08-11 14:49:13 ::1 (pid 5584) :Pub:!INFO: Creation du cache 8d886b6771efb1e492653620c1f5c115.cache pour 43200 secondes
2018-08-11 14:49:14 ::1 (pid 5584) :Pub:!INFO: Creation du cache 68dd9dd395f67acb38ae92ae9de956a2.cache pour 900 secondes
2018-08-11 14:49:14 ::1 (pid 5584) :Pub:!INFO: Creation du cache 2594c05e3917f5f6990a9ac14c1ddfb2.cache pour 900 secondes
2018-08-11 14:49:14 ::1 (pid 5584) :Pub:!INFO: Creation du cache 9ff7fb361b0526e71c9de74aaf14c15c.cache pour 43200 secondes
2018-08-11 14:49:14 ::1 (pid 5584) :Pub:!INFO: Creation du cache 1ab57f09c01f478217d44411e7e42648.cache pour 43200 secondes
2018-08-11 14:49:14 ::1 (pid 5584) :Pub:!INFO: Creation du cache 3f57fc540052456593d411ff5fe7526e.cache pour 43200 secondes
2018-08-11 14:49:14 ::1 (pid 5584) :Pub:!INFO: Creation du cache eaa190fbba1f3f3dedbfd6b7e0ba3a97.cache pour 43200 secondes
2018-08-11 14:49:20 ::1 (pid 5584) :Pub:!INFO: Creation du cache 2e073e09d2236dcebb6f96dfef063564.cache pour 43200 secondes
2018-08-11 14:52:41 ::1 (pid 5584) :Pub:!INFO: Creation du cache 61fd94ff0e9fb4ee4879e30c71124c8f.cache pour 43200 secondes
2018-08-11 14:52:45 ::1 (pid 5584) :Pub:!INFO: Creation du cache ac68ed8f3fccbb167b8fea6fbc4ab31c.cache pour 3600 secondes
2018-08-11 14:52:45 ::1 (pid 5584) :Pub:!INFO: Creation du cache 56c2381c335519cc3815313b96133292.cache pour 3600 secondes
2018-08-11 14:52:45 ::1 (pid 5584) :Pub:!INFO: Creation du cache efe5c684c1bf96c52de000633ebd659e.cache pour 3600 secondes
2018-08-11 14:53:07 ::1 (pid 5584) :Pub:!INFO: Creation du cache bc2bf310d83e29a399c273afac003442.cache pour 43200 secondes
2018-08-11 14:53:09 ::1 (pid 5584) :Pri:!INFO: Creation du cache bb611e190d6c0af0a64c027a66aae7ed.cache pour 604800 secondes
2018-08-11 14:53:12 ::1 (pid 5584) :Pri:!INFO: Creation du cache c3f158197e3d2f2101e306ec9ef2a521.cache pour 86400 secondes
2018-08-11 14:53:13 ::1 (pid 5584) :Pub:!INFO: Creation du cache 50a8e84904054e9366fa63eff135a2a5.cache pour 43200 secondes
2018-08-11 14:53:13 ::1 (pid 5584) :Pub:!INFO: Creation du cache 37d210a17287222546918e02e588a480.cache pour 360000 secondes
2018-08-11 14:53:17 ::1 (pid 5584) :Pub:!INFO: Creation du cache aead5c64527a3c96953c40a90eda6e86.cache pour 604800 secondes
2018-08-13 09:58:06 ::1 (pid 5584) :Pub:!INFO: Creation du cache 0e7042a61919768947c48384ea28fa44.cache pour 43200 secondes
2018-08-13 09:58:11 ::1 (pid 5584) :Pub:!INFO: Creation du cache 0f95cdb8d04c547807fe64bae4b4c8f8.cache pour 43200 secondes
2018-08-13 09:58:11 ::1 (pid 5584) :Pub:!INFO: Creation du cache e53740efac54148b400ec392062b64c5.cache pour 86400 secondes
2018-08-13 09:58:12 ::1 (pid 5584) :Pub:!INFO: Creation du cache 93280597ffab61b9f4f70f9399233095.cache pour 86400 secondes
2018-08-13 09:58:12 ::1 (pid 5584) :Pub:!INFO: Creation du cache f587d4b4bbcf95792b4443ce23c1ef57.cache pour 86400 secondes
2018-08-13 09:58:13 ::1 (pid 5584) :Pub:!INFO: Creation du cache c2e4cd8a3ff62ab8dba53dd8ccf3dbdf.cache pour 43200 secondes
2018-08-13 09:58:13 ::1 (pid 5584) :Pub:!INFO: Creation du cache 118a65c329a2182ad03dc2c944b2af26.cache pour 43200 secondes
2018-08-13 09:58:13 ::1 (pid 5584) :Pub:!INFO: Creation du cache d3f680a55aa3ce8d524b0d60d0a457ca.cache pour 43200 secondes
2018-08-13 09:58:13 ::1 (pid 5584) :Pub:!INFO: Creation du cache 6d6381f5032ef02b63010a7be61a153b.cache pour 43200 secondes
2018-08-13 09:58:14 ::1 (pid 5584) :Pub:!INFO: Creation du cache 0ff2fd166d7388ab26d282c813823bf4.cache pour 43200 secondes
2018-08-13 09:58:14 ::1 (pid 5584) :Pub:!INFO: Creation du cache 3fb6da74a98b1ba40536248cea06de7d.cache pour 43200 secondes
2018-08-13 09:58:14 ::1 (pid 5584) :Pub:!INFO: Creation du cache e4efff35c12e4ea20aed670c4e761640.cache pour 43200 secondes
2018-08-13 09:58:14 ::1 (pid 5584) :Pub:!INFO: Creation du cache d7b2f72af8d5733885d725c0bfe6b86d.cache pour 43200 secondes
2018-08-13 09:58:14 ::1 (pid 5584) :Pub:!INFO: Creation du cache 82cb9d8f8df1a5e5f1d02f326785f277.cache pour 43200 secondes
2018-08-13 09:58:15 ::1 (pid 5584) :Pub:!INFO: Creation du cache fa089c55d32a442347270c00c58b0f14.cache pour 43200 secondes
2018-08-13 09:58:15 ::1 (pid 5584) :Pub:!INFO: Creation du cache afa2448d45566ec7e65b296ec0e748aa.cache pour 43200 secondes
2018-08-13 09:58:15 ::1 (pid 5584) :Pub:!INFO: Creation du cache 828a136d92170634cdfc80fe69529ad5.cache pour 43200 secondes
2018-08-13 09:58:15 ::1 (pid 5584) :Pub:!INFO: Creation du cache c57c961a9fc016d3c40eb487475be76d.cache pour 43200 secondes
2018-08-13 09:58:16 ::1 (pid 5584) :Pub:!INFO: Creation du cache 9b55654c8383275c5f7e69316b617845.cache pour 3600 secondes
2018-08-13 09:58:16 ::1 (pid 5584) :Pub:!INFO: Creation du cache 2ac6af657491da85b94da811a61adde7.cache pour 43200 secondes
2018-08-13 09:58:16 ::1 (pid 5584) :Pub:!INFO: Creation du cache ddef99ae32d32f332438678af8c87254.cache pour 43200 secondes
2018-08-13 09:58:16 ::1 (pid 5584) :Pub:!INFO: Creation du cache 1ffb6ad9322004905081c1bbec6a3c52.cache pour 43200 secondes
2018-08-13 09:58:16 ::1 (pid 5584) :Pub:!INFO: Creation du cache ae46eb409ea3ba92df684936f63c6cab.cache pour 43200 secondes
2018-08-13 09:58:16 ::1 (pid 5584) :Pub:!INFO: Creation du cache 5285e1fc4e7ed440cc4595e88a41d06d.cache pour 43200 secondes
2018-08-13 09:58:16 ::1 (pid 5584) :Pub:!INFO: Creation du cache ddba8835487be61267b32b1228e0bc16.cache pour 43200 secondes
2018-08-13 09:58:16 ::1 (pid 5584) :Pub:!INFO: Creation du cache e430d6d815c3028a91422fc72a0f04fb.cache pour 43200 secondes
2018-08-13 09:58:17 ::1 (pid 5584) :Pub:!INFO: Creation du cache 260bac249de9716f800575b34257baab.cache pour 43200 secondes
2018-08-13 09:58:17 ::1 (pid 5584) :Pub:!INFO: Creation du cache 24af0078e8345abfca6d72eb448f6042.cache pour 43200 secondes
2018-08-13 09:58:17 ::1 (pid 5584) :Pub:!INFO: Creation du cache 86ec14e61c24b794910ec6f806f9d517.cache pour 43200 secondes
2018-08-13 09:58:17 ::1 (pid 5584) :Pub:!INFO: Creation du cache 3620a782822db1f334bbc24a338859ad.cache pour 43200 secondes
2018-08-13 09:58:17 ::1 (pid 5584) :Pub:!INFO: Creation du cache bfae6097ca646d872998b23c5acbbe31.cache pour 43200 secondes
2018-08-13 09:58:17 ::1 (pid 5584) :Pub:!INFO: Creation du cache 95f9aac7adeb1c0e78c6e35ec6592d37.cache pour 43200 secondes
2018-08-13 09:58:18 ::1 (pid 5584) :Pub:!INFO: Creation du cache 486fc1952cd299c0131a44a86fe44a63.cache pour 43200 secondes
2018-08-13 09:58:18 ::1 (pid 5584) :Pub:!INFO: Creation du cache d36c965d6222d11d8850320e68687509.cache pour 43200 secondes
2018-08-13 09:58:18 ::1 (pid 5584) :Pub:!INFO: Creation du cache 68c32976d9c79c8fb4e0a0d2c929c432.cache pour 43200 secondes
2018-08-13 09:58:18 ::1 (pid 5584) :Pub:!INFO: Creation du cache 43ac06df66b670cff4fd2babc5ce0275.cache pour 43200 secondes
2018-08-13 09:58:18 ::1 (pid 5584) :Pub:!INFO: Creation du cache 2d686edb641a10bd02e6fcd8d0c8c29d.cache pour 43200 secondes
2018-08-13 09:58:18 ::1 (pid 5584) :Pub:!INFO: Creation du cache 253e667c473828834696c55faa3ae9ec.cache pour 43200 secondes
2018-08-13 09:58:18 ::1 (pid 5584) :Pub:!INFO: Creation du cache b752bb222c5aba6701107c12e242db85.cache pour 86400 secondes
2018-08-13 09:58:19 ::1 (pid 5584) :Pub:!INFO: Creation du cache fea30483705be43cee950b057c4ef0cc.cache pour 43200 secondes
2018-08-13 09:58:19 ::1 (pid 5584) :Pub:!INFO: Creation du cache e545f02a9503f471a42d42f1a5824824.cache pour 43200 secondes
2018-08-13 09:58:19 ::1 (pid 5584) :Pub:!INFO: Creation du cache beff1f25c3552cafd6c85e601218b462.cache pour 43200 secondes
2018-08-13 09:58:19 ::1 (pid 5584) :Pub:!INFO: Creation du cache 72f38ed907de6a7daf3965dc018618bf.cache pour 43200 secondes
2018-08-13 09:58:19 ::1 (pid 5584) :Pub:!INFO: Creation du cache 0ac68a7995fa0a16036a2c80a6406e10.cache pour 43200 secondes
2018-08-13 09:58:19 ::1 (pid 5584) :Pub:!INFO: Creation du cache 90b98baaa087ce44173479a4289ca562.cache pour 43200 secondes
2018-08-13 09:58:19 ::1 (pid 5584) :Pub:!INFO: Creation du cache 383f4ca3d551de28c530d9c81db22244.cache pour 43200 secondes
2018-08-13 09:58:19 ::1 (pid 5584) :Pub:!INFO: Creation du cache c39b5b903c77a575d77f60f6f49d3f9c.cache pour 43200 secondes
2018-08-13 09:58:20 ::1 (pid 5584) :Pub:!INFO: Creation du cache 9c154d54fe69021134bb0bfed84e2a0b.cache pour 43200 secondes
2018-08-13 09:58:20 ::1 (pid 5584) :Pub:!INFO: Creation du cache a09b4c377c6617ab3e9bd0c23a897b94.cache pour 43200 secondes
2018-08-13 09:58:20 ::1 (pid 5584) :Pub:!INFO: Creation du cache 50913e52f2b6c318116a9cba32211e33.cache pour 43200 secondes
2018-08-13 09:58:20 ::1 (pid 5584) :Pub:!INFO: Creation du cache b3c6025137b28b377aeff5a37e6400f5.cache pour 43200 secondes
2018-08-13 09:58:20 ::1 (pid 5584) :Pub:!INFO: Creation du cache 88e5a9552c5f65d2ad805929f8773233.cache pour 43200 secondes
2018-08-13 09:58:20 ::1 (pid 5584) :Pub:!INFO: Creation du cache 711ff6e53d66a10677603fb5ed097cae.cache pour 43200 secondes
2018-08-13 09:58:20 ::1 (pid 5584) :Pub:!INFO: Creation du cache 8c60731b71bed3ddcefe8a33f0afd302.cache pour 900 secondes
2018-08-13 09:58:20 ::1 (pid 5584) :Pub:!INFO: Creation du cache 2fca247644413647fa6ff95be5c7e6fd.cache pour 900 secondes
2018-08-13 09:58:20 ::1 (pid 5584) :Pub:!INFO: Creation du cache 9ff7fb361b0526e71c9de74aaf14c15c.cache pour 43200 secondes
2018-08-13 09:58:20 ::1 (pid 5584) :Pub:!INFO: Creation du cache 1ab57f09c01f478217d44411e7e42648.cache pour 43200 secondes
2018-08-13 09:58:21 ::1 (pid 5584) :Pub:!INFO: Creation du cache 3f57fc540052456593d411ff5fe7526e.cache pour 43200 secondes
2018-08-13 09:58:21 ::1 (pid 5584) :Pub:!INFO: Creation du cache eaa190fbba1f3f3dedbfd6b7e0ba3a97.cache pour 43200 secondes
2018-08-13 09:58:29 ::1 (pid 5584) :Pub:!INFO: Creation du cache 2e073e09d2236dcebb6f96dfef063564.cache pour 43200 secondes
2018-08-13 09:58:37 ::1 (pid 5584) :Pri:!INFO: Creation du cache b728f6df090f88390529ab8c3eb3ab06.cache pour 86400 secondes
2018-08-13 09:58:38 ::1 (pid 5584) :Pub:!INFO: Creation du cache 50a8e84904054e9366fa63eff135a2a5.cache pour 43200 secondes
2018-08-13 09:59:09 ::1 (pid 5584) :Pri:!INFO: Creation du cache 4282dff460db0b38de5bda71e0cb41e9.cache pour 86400 secondes
2018-08-13 10:31:09 ::1 (pid 5584) :Pri:!INFO: Creation du cache 6ed1eaf783c129d7ed70e9df97231b66.cache pour 86400 secondes
2018-08-13 10:32:24 ::1 (pid 5584) :Pri:ERREUR: fonction execute_pipeline_saisies_verifier absente : pipeline desactive
2018-08-13 10:32:41 ::1 (pid 5584) :Pri:ERREUR: fonction execute_pipeline_saisies_verifier absente : pipeline desactive
2018-08-13 10:33:04 ::1 (pid 5584) :Pri:ERREUR: fonction execute_pipeline_saisies_verifier absente : pipeline desactive
2018-08-13 10:33:18 ::1 (pid 5584) :Pri:ERREUR: fonction execute_pipeline_saisies_verifier absente : pipeline desactive
2018-08-13 10:34:00 ::1 (pid 5584) :Pri:ERREUR: fonction execute_pipeline_saisies_verifier absente : pipeline desactive
2018-08-13 10:34:40 ::1 (pid 5584) :Pri:!INFO: Creation du cache 0f7d49453f65eb46e3325d616c8e6567.cache pour 86400 secondes
2018-08-13 10:35:06 ::1 (pid 5584) :Pri:ERREUR: fonction execute_pipeline_saisies_verifier absente : pipeline desactive
2018-08-13 10:35:21 ::1 (pid 5584) :Pri:!INFO: Creation du cache 6f82a7c57dae6c0282b530c02c90522b.cache pour 86400 secondes
2018-08-13 10:37:40 ::1 (pid 5584) :Pri:ERREUR: fonction execute_pipeline_saisies_verifier absente : pipeline desactive
2018-08-13 10:37:51 ::1 (pid 5584) :Pri:ERREUR: fonction execute_pipeline_saisies_verifier absente : pipeline desactive
2018-08-13 10:38:05 ::1 (pid 5584) :Pri:ERREUR: fonction execute_pipeline_saisies_verifier absente : pipeline desactive
2018-08-13 10:38:14 ::1 (pid 5584) :Pri:ERREUR: fonction execute_pipeline_saisies_verifier absente : pipeline desactive
2018-08-13 10:38:22 ::1 (pid 5584) :Pri:!INFO: Creation du cache 0f73e58d72c620c4a78ee2907b5d370d.cache pour 86400 secondes
2018-08-13 10:38:37 ::1 (pid 5584) :Pri:ERREUR: fonction execute_pipeline_saisies_verifier absente : pipeline desactive
2018-08-13 10:38:42 ::1 (pid 5584) :Pri:!INFO: Creation du cache 5da395ca852cc862da102786dd17b4dc.cache pour 86400 secondes
2018-08-13 10:40:05 127.0.0.1 (pid 5584) :Pri:ERREUR: fonction execute_pipeline_saisies_verifier absente : pipeline desactive
2018-08-13 10:40:24 127.0.0.1 (pid 5584) :Pri:ERREUR: fonction execute_pipeline_saisies_verifier absente : pipeline desactive
2018-08-13 10:40:44 127.0.0.1 (pid 5584) :Pri:ERREUR: fonction execute_pipeline_saisies_verifier absente : pipeline desactive
2018-08-13 10:41:06 127.0.0.1 (pid 5584) :Pri:ERREUR: fonction execute_pipeline_saisies_verifier absente : pipeline desactive
2018-08-13 10:41:25 127.0.0.1 (pid 5584) :Pri:ERREUR: fonction execute_pipeline_saisies_verifier absente : pipeline desactive
2018-08-13 10:41:32 127.0.0.1 (pid 5584) :Pri:!INFO: Creation du cache 48febf535d8ff0bddf0f85afc22d8ca2.cache pour 86400 secondes
2018-08-13 10:41:47 127.0.0.1 (pid 5584) :Pri:ERREUR: fonction execute_pipeline_saisies_verifier absente : pipeline desactive
2018-08-13 10:41:55 127.0.0.1 (pid 5584) :Pri:!INFO: Creation du cache 6b4c0aa478dcc057f04113ef7fad6b4c.cache pour 86400 secondes
2018-08-13 10:42:16 127.0.0.1 (pid 5584) :Pri:ERREUR: fonction execute_pipeline_saisies_verifier absente : pipeline desactive
2018-08-13 10:45:24 ::1 (pid 5584) :Pri:ERREUR: fonction execute_pipeline_saisies_verifier absente : pipeline desactive
2018-08-13 10:45:25 ::1 (pid 5584) :Pri:ERREUR: fonction execute_pipeline_saisies_verifier absente : pipeline desactive
2018-08-13 10:46:25 ::1 (pid 5584) :Pri:!INFO: Creation du cache 7219bf5fffb891c9abb185a72b5db2a9.cache pour 86400 secondes
2018-08-13 10:47:06 ::1 (pid 5584) :Pri:ERREUR: fonction execute_pipeline_saisies_verifier absente : pipeline desactive
2018-08-13 10:47:07 ::1 (pid 5584) :Pri:ERREUR: fonction execute_pipeline_saisies_verifier absente : pipeline desactive
2018-08-13 11:00:11 ::1 (pid 5584) :Pri:ERREUR: fonction execute_pipeline_saisies_verifier absente : pipeline desactive
2018-08-13 11:03:44 ::1 (pid 5584) :Pri:!INFO: Creation du cache b0339bd4618b2c0090ac9e36dd54e197.cache pour 86400 secondes
2018-08-13 11:03:54 ::1 (pid 5584) :Pri:ERREUR: fonction execute_pipeline_saisies_verifier absente : pipeline desactive
2018-08-13 11:05:28 ::1 (pid 5584) :Pri:!INFO: Creation du cache 17b7d910258c5b5c396ff7b58d5eea02.cache pour 86400 secondes
2018-08-13 11:05:43 ::1 (pid 5584) :Pri:ERREUR: fonction execute_pipeline_saisies_verifier absente : pipeline desactive
2018-08-13 11:06:30 ::1 (pid 5584) :Pri:!INFO: Creation du cache 7f854dddf64c86e493e284da461b6e2f.cache pour 86400 secondes
2018-08-13 11:06:40 ::1 (pid 5584) :Pri:ERREUR: fonction execute_pipeline_saisies_verifier absente : pipeline desactive
2018-08-13 11:11:05 ::1 (pid 5584) :Pri:ERREUR: fonction execute_pipeline_saisies_verifier absente : pipeline desactive
2018-08-13 11:11:13 ::1 (pid 5584) :Pri:!INFO: Creation du cache 9be5f06a73121c9ee100b6bbc915c9da.cache pour 86400 secondes
2018-08-13 11:11:34 ::1 (pid 5584) :Pri:ERREUR: fonction execute_pipeline_saisies_verifier absente : pipeline desactive
2018-08-13 11:13:20 ::1 (pid 5584) :Pri:ERREUR: fonction execute_pipeline_saisies_verifier absente : pipeline desactive
2018-08-13 11:13:25 ::1 (pid 5584) :Pri:!INFO: Creation du cache 8af362623d487307c621e7e2532b71de.cache pour 86400 secondes
2018-08-13 11:57:06 ::1 (pid 5584) :Pri:ERREUR: fonction execute_pipeline_saisies_verifier absente : pipeline desactive
2018-08-13 11:57:12 ::1 (pid 5584) :Pri:!INFO: Creation du cache 24de360a7804b61298ffb16b4b660136.cache pour 86400 secondes
2018-08-13 12:06:59 ::1 (pid 5584) :Pri:ERREUR: fonction execute_pipeline_saisies_verifier absente : pipeline desactive
2018-08-13 12:06:59 ::1 (pid 5584) :Pri:ERREUR: fonction execute_pipeline_saisies_verifier absente : pipeline desactive
2018-08-13 12:14:31 ::1 (pid 5584) :Pri:ERREUR: fonction execute_pipeline_saisies_verifier absente : pipeline desactive
2018-08-13 12:14:32 ::1 (pid 5584) :Pri:ERREUR: fonction execute_pipeline_saisies_verifier absente : pipeline desactive
2018-08-13 12:35:29 ::1 (pid 5584) :Pri:ERREUR: fonction execute_pipeline_saisies_verifier absente : pipeline desactive
2018-08-13 12:35:29 ::1 (pid 5584) :Pri:ERREUR: fonction execute_pipeline_saisies_verifier absente : pipeline desactive
2018-08-13 12:41:13 ::1 (pid 5584) :Pri:ERREUR: fonction execute_pipeline_saisies_verifier absente : pipeline desactive
2018-08-13 12:41:48 ::1 (pid 5584) :Pri:ERREUR: fonction execute_pipeline_saisies_verifier absente : pipeline desactive
2018-08-13 12:41:48 ::1 (pid 5584) :Pri:ERREUR: fonction execute_pipeline_saisies_verifier absente : pipeline desactive
2018-08-13 12:47:24 ::1 (pid 5584) :Pri:ERREUR: fonction execute_pipeline_saisies_verifier absente : pipeline desactive
2018-08-13 12:47:25 ::1 (pid 5584) :Pri:ERREUR: fonction execute_pipeline_saisies_verifier absente : pipeline desactive
2018-08-13 12:50:51 ::1 (pid 5584) :Pri:ERREUR: fonction execute_pipeline_saisies_verifier absente : pipeline desactive
2018-08-13 12:50:52 ::1 (pid 5584) :Pri:ERREUR: fonction execute_pipeline_saisies_verifier absente : pipeline desactive
2018-08-13 13:09:10 ::1 (pid 5584) :Pri:!INFO: Creation du cache 750c62efa090562badecf236c436b419.cache pour 86400 secondes
2018-08-13 13:14:35 ::1 (pid 5584) :Pri:!INFO: Creation du cache 94d8e25893b1d671889dab1da5235a71.cache pour 86400 secondes
2018-08-13 13:20:26 ::1 (pid 5584) :Pri:!INFO: Creation du cache 4d57999aa4a10f333dbf0509d555ce18.cache pour 86400 secondes
2018-08-13 13:20:42 ::1 (pid 5584) :Pri:!INFO: Creation du cache 30147b503085a50a8bfedbc23ab9f768.cache pour 86400 secondes
2018-08-13 13:22:08 ::1 (pid 5584) :Pri:!INFO: Creation du cache a2ec0d27bc9a686cea2f0598ba5cb908.cache pour 86400 secondes
2018-08-13 13:49:51 ::1 (pid 5584) :Pri:!INFO: Creation du cache 38071bf247106e462c800559c15f27f4.cache pour 86400 secondes
2018-08-13 13:50:07 ::1 (pid 5584) :Pri:!INFO: Creation du cache d98d70fc38139e7883c6520d4f0ca659.cache pour 86400 secondes
2018-08-13 13:52:17 ::1 (pid 5584) :Pri:!INFO: Creation du cache fa848910a4b312bb0ec6c81c10d5bacd.cache pour 86400 secondes
2018-08-13 13:55:35 ::1 (pid 5584) :Pri:!INFO: Creation du cache c2ac26eea7836bcb50c910660a16ac76.cache pour 86400 secondes
2018-08-13 13:55:46 ::1 (pid 5584) :Pri:!INFO: Creation du cache 37d14434813856c22dfc449f873a7ca3.cache pour 86400 secondes
2018-08-13 15:03:46 ::1 (pid 5584) :Pri:!INFO: Creation du cache e5b6c657949fe706066fb9c494de4cdd.cache pour 86400 secondes
2018-08-13 15:07:43 ::1 (pid 5584) :Pri:!INFO: Creation du cache 0bcfe69b2eef4dbc519beb79b03fa7eb.cache pour 86400 secondes
2018-08-13 15:08:38 ::1 (pid 5584) :Pri:!INFO: Creation du cache 18be357296b4d49b01f1715ad5778fa3.cache pour 86400 secondes
2018-08-13 15:10:15 ::1 (pid 5584) :Pri:!INFO: Creation du cache 009ff639114c0035cadefd7a601c1f26.cache pour 86400 secondes
2018-08-13 15:11:06 ::1 (pid 5584) :Pri:!INFO: Creation du cache b133f5b3b4761e5686fd64194eb9e4c4.cache pour 86400 secondes
2018-08-13 15:12:37 ::1 (pid 5584) :Pri:!INFO: Creation du cache 36246d5398fa82ed877086916b84147a.cache pour 86400 secondes
2018-08-13 15:25:41 ::1 (pid 5584) :Pri:!INFO: Creation du cache b66c8340cf61b487b0460dcb4c93f170.cache pour 86400 secondes
2018-08-13 16:29:52 ::1 (pid 5584) :Pri:!INFO: Creation du cache 076b853d5ade1265ebc585465f5485c5.cache pour 86400 secondes
2018-08-13 16:30:09 ::1 (pid 5584) :Pri:!INFO: Creation du cache 8527f7ad977dacd68ee8318ff21a87e5.cache pour 86400 secondes
2018-08-13 16:31:11 ::1 (pid 5584) :Pri:!INFO: Creation du cache 46f3d49cc622a1ccbe40a5d663a23484.cache pour 86400 secondes
2018-08-13 16:32:45 ::1 (pid 5584) :Pri:!INFO: Creation du cache ac00ad9c46cfb1ee9e2a76812f4a5348.cache pour 86400 secondes
2018-08-13 16:34:01 ::1 (pid 5584) :Pri:!INFO: Creation du cache fb88a39ed9c9446c2106f46c20fbae51.cache pour 86400 secondes
2019-01-06 19:37:39 ::1 (pid 18628) :Pub:!INFO: Creation du cache 0e7042a61919768947c48384ea28fa44.cache pour 43200 secondes
2019-01-06 19:38:09 ::1 (pid 18628) :Pub:!INFO: Creation du cache 0f95cdb8d04c547807fe64bae4b4c8f8.cache pour 43200 secondes
2019-01-06 23:34:17 ::1 (pid 18628) :Pub:!INFO: Creation du cache aac61d0d0d2a76bc34433a181e95279f.cache pour 360000 secondes
2019-01-06 23:34:17 ::1 (pid 18628) :Pub:!INFO: Creation du cache 5c6d5f4c8940f2f7aef0f05226b070d6.cache pour 360000 secondes
2019-01-06 23:34:17 ::1 (pid 18628) :Pub:!INFO: Creation du cache e53740efac54148b400ec392062b64c5.cache pour 86400 secondes
2019-01-06 23:34:21 ::1 (pid 18628) :Pub:!INFO: Creation du cache 93280597ffab61b9f4f70f9399233095.cache pour 86400 secondes
2019-01-06 23:34:21 ::1 (pid 18628) :Pub:!INFO: Creation du cache f587d4b4bbcf95792b4443ce23c1ef57.cache pour 86400 secondes
2019-01-06 23:34:22 ::1 (pid 18628) :Pub:!INFO: Creation du cache c2e4cd8a3ff62ab8dba53dd8ccf3dbdf.cache pour 43200 secondes
2019-01-06 23:34:23 ::1 (pid 18628) :Pub:!INFO: Creation du cache 118a65c329a2182ad03dc2c944b2af26.cache pour 43200 secondes
2019-01-06 23:34:26 ::1 (pid 18628) :Pub:!INFO: Creation du cache fc3a47102102dcb8f0b8bb90cc4f6b8e.cache pour 604800 secondes
2019-01-06 23:34:27 ::1 (pid 18628) :Pub:!INFO: Creation du cache d3f680a55aa3ce8d524b0d60d0a457ca.cache pour 43200 secondes
2019-01-06 23:34:27 ::1 (pid 18628) :Pub:!INFO: Creation du cache 6d6381f5032ef02b63010a7be61a153b.cache pour 43200 secondes
2019-01-06 23:34:28 ::1 (pid 18628) :Pub:!INFO: Creation du cache 61fd94ff0e9fb4ee4879e30c71124c8f.cache pour 43200 secondes
2019-01-06 23:34:29 ::1 (pid 18628) :Pub:!INFO: Creation du cache 0ff2fd166d7388ab26d282c813823bf4.cache pour 43200 secondes
2019-01-06 23:34:29 ::1 (pid 18628) :Pub:!INFO: Creation du cache 3fb6da74a98b1ba40536248cea06de7d.cache pour 43200 secondes
2019-01-06 23:34:30 ::1 (pid 18628) :Pub:!INFO: Creation du cache e4efff35c12e4ea20aed670c4e761640.cache pour 43200 secondes
2019-01-06 23:34:31 ::1 (pid 18628) :Pub:!INFO: Creation du cache d7b2f72af8d5733885d725c0bfe6b86d.cache pour 43200 secondes
2019-01-06 23:34:31 ::1 (pid 18628) :Pub:!INFO: Creation du cache 82cb9d8f8df1a5e5f1d02f326785f277.cache pour 43200 secondes
2019-01-06 23:34:31 ::1 (pid 18628) :Pub:!INFO: Creation du cache fa089c55d32a442347270c00c58b0f14.cache pour 43200 secondes
2019-01-06 23:34:32 ::1 (pid 18628) :Pub:!INFO: Creation du cache a549e093d920bba7e96de3a9c9f17ffb.cache pour 43200 secondes
2019-01-06 23:34:32 ::1 (pid 18628) :Pub:!INFO: Creation du cache 828a136d92170634cdfc80fe69529ad5.cache pour 43200 secondes
2019-01-06 23:34:32 ::1 (pid 18628) :Pub:!INFO: Creation du cache 347591f85d82ef4ee3fe824d52a7ee0a.cache pour 43200 secondes
2019-01-06 23:34:33 ::1 (pid 18628) :Pub:!INFO: Creation du cache 9b55654c8383275c5f7e69316b617845.cache pour 3600 secondes
2019-01-06 23:34:33 ::1 (pid 18628) :Pub:!INFO: Creation du cache 850f0db78747ffd9f52a51974d447a01.cache pour 43200 secondes
2019-01-06 23:34:33 ::1 (pid 18628) :Pub:!INFO: Creation du cache 1d69efdd6d6736727a5b7a1af996acd0.cache pour 43200 secondes
2019-01-06 23:34:34 ::1 (pid 18628) :Pub:!INFO: Creation du cache 1ffb6ad9322004905081c1bbec6a3c52.cache pour 43200 secondes
2019-01-06 23:34:34 ::1 (pid 18628) :Pub:!INFO: Creation du cache 74f8016154a9deeb9b8052d909015728.cache pour 43200 secondes
2019-01-06 23:34:34 ::1 (pid 18628) :Pub:!INFO: Creation du cache 10c7fcd47d291050f49f1011fab23289.cache pour 43200 secondes
2019-01-06 23:34:34 ::1 (pid 18628) :Pub:!INFO: Creation du cache 9a475de18ebbb86757ca2e79cec46a76.cache pour 43200 secondes
2019-01-06 23:34:34 ::1 (pid 18628) :Pub:!INFO: Creation du cache 91bdcdf4a8d907c542bdc6913af47938.cache pour 43200 secondes
2019-01-06 23:34:36 ::1 (pid 18628) :Pub:!INFO: Creation du cache 260bac249de9716f800575b34257baab.cache pour 43200 secondes
2019-01-06 23:34:36 ::1 (pid 18628) :Pub:!INFO: Creation du cache ac68ed8f3fccbb167b8fea6fbc4ab31c.cache pour 3600 secondes
2019-01-06 23:34:36 ::1 (pid 18628) :Pub:!INFO: Creation du cache 56c2381c335519cc3815313b96133292.cache pour 3600 secondes
2019-01-06 23:34:37 ::1 (pid 18628) :Pub:!INFO: Creation du cache 24af0078e8345abfca6d72eb448f6042.cache pour 43200 secondes
2019-01-06 23:34:37 ::1 (pid 18628) :Pub:!INFO: Creation du cache 86ec14e61c24b794910ec6f806f9d517.cache pour 43200 secondes
2019-01-06 23:34:37 ::1 (pid 18628) :Pub:!INFO: Creation du cache 3620a782822db1f334bbc24a338859ad.cache pour 43200 secondes
2019-01-06 23:34:37 ::1 (pid 18628) :Pub:!INFO: Creation du cache 1e9ac0993000326d3f028120809d501e.cache pour 3600 secondes
2019-01-06 23:34:37 ::1 (pid 18628) :Pub:!INFO: Creation du cache bfae6097ca646d872998b23c5acbbe31.cache pour 43200 secondes
2019-01-06 23:34:37 ::1 (pid 18628) :Pub:!INFO: Creation du cache 95f9aac7adeb1c0e78c6e35ec6592d37.cache pour 43200 secondes
2019-01-06 23:34:41 ::1 (pid 18628) :Pub:!INFO: Creation du cache 486fc1952cd299c0131a44a86fe44a63.cache pour 43200 secondes
2019-01-06 23:34:41 ::1 (pid 18628) :Pub:!INFO: Creation du cache d36c965d6222d11d8850320e68687509.cache pour 43200 secondes
2019-01-06 23:34:41 ::1 (pid 18628) :Pub:!INFO: Creation du cache 68c32976d9c79c8fb4e0a0d2c929c432.cache pour 43200 secondes
2019-01-06 23:34:41 ::1 (pid 18628) :Pub:!INFO: Creation du cache 43ac06df66b670cff4fd2babc5ce0275.cache pour 43200 secondes
2019-01-06 23:34:41 ::1 (pid 18628) :Pub:!INFO: Creation du cache 5cb27100958b6d9698bafce042469e6a.cache pour 43200 secondes
2019-01-06 23:34:42 ::1 (pid 18628) :Pub:!INFO: Creation du cache c4cada7fab0c3db219d7392a184779e9.cache pour 43200 secondes
2019-01-06 23:34:43 ::1 (pid 18628) :Pub:!INFO: Creation du cache b752bb222c5aba6701107c12e242db85.cache pour 86400 secondes
2019-01-06 23:34:43 ::1 (pid 18628) :Pub:!INFO: Creation du cache fea30483705be43cee950b057c4ef0cc.cache pour 43200 secondes
2019-01-06 23:34:43 ::1 (pid 18628) :Pub:!INFO: Creation du cache 3a1609f1d54c8e5c484e3aca068e75f4.cache pour 43200 secondes
2019-01-06 23:34:44 ::1 (pid 18628) :Pub:!INFO: Creation du cache beff1f25c3552cafd6c85e601218b462.cache pour 43200 secondes
2019-01-06 23:34:45 ::1 (pid 18628) :Pub:!INFO: Creation du cache 72f38ed907de6a7daf3965dc018618bf.cache pour 43200 secondes
2019-01-06 23:34:46 ::1 (pid 18628) :Pub:!INFO: Creation du cache 0ac68a7995fa0a16036a2c80a6406e10.cache pour 43200 secondes
2019-01-06 23:34:46 ::1 (pid 18628) :Pub:!INFO: Creation du cache 90b98baaa087ce44173479a4289ca562.cache pour 43200 secondes
2019-01-06 23:34:46 ::1 (pid 18628) :Pub:!INFO: Creation du cache 383f4ca3d551de28c530d9c81db22244.cache pour 43200 secondes
2019-01-06 23:34:46 ::1 (pid 18628) :Pub:!INFO: Creation du cache c39b5b903c77a575d77f60f6f49d3f9c.cache pour 43200 secondes
2019-01-06 23:34:46 ::1 (pid 18628) :Pub:!INFO: Creation du cache 9c154d54fe69021134bb0bfed84e2a0b.cache pour 43200 secondes
2019-01-06 23:34:46 ::1 (pid 18628) :Pub:!INFO: Creation du cache a09b4c377c6617ab3e9bd0c23a897b94.cache pour 43200 secondes
2019-01-06 23:34:46 ::1 (pid 18628) :Pub:!INFO: Creation du cache 50913e52f2b6c318116a9cba32211e33.cache pour 43200 secondes
2019-01-06 23:34:46 ::1 (pid 18628) :Pub:!INFO: Creation du cache b3c6025137b28b377aeff5a37e6400f5.cache pour 43200 secondes
2019-01-06 23:34:47 ::1 (pid 18628) :Pub:!INFO: Creation du cache 5eda37806e378a659dba518b85b35aa8.cache pour 43200 secondes
2019-01-06 23:34:47 ::1 (pid 18628) :Pub:!INFO: Creation du cache 8cf3d90f75b85f33296f76b814bbee83.cache pour 43200 secondes
2019-01-06 23:34:47 ::1 (pid 18628) :Pub:!INFO: Creation du cache eeae51a73a16fa5363cb28b9d8f02d7c.cache pour 43200 secondes
2019-01-06 23:34:48 ::1 (pid 18628) :Pub:!INFO: Creation du cache 75d35311120510782d5a23de5bf6640b.cache pour 900 secondes
2019-01-06 23:34:48 ::1 (pid 18628) :Pub:!INFO: Creation du cache 4b1f62e916a9ac51a599b5e690a94563.cache pour 900 secondes
2019-01-06 23:34:48 ::1 (pid 18628) :Pub:!INFO: Creation du cache 9ff7fb361b0526e71c9de74aaf14c15c.cache pour 43200 secondes
2019-01-06 23:34:48 ::1 (pid 18628) :Pub:!INFO: Creation du cache 1ab57f09c01f478217d44411e7e42648.cache pour 43200 secondes
2019-01-06 23:34:49 ::1 (pid 18628) :Pub:!INFO: Creation du cache 3f57fc540052456593d411ff5fe7526e.cache pour 43200 secondes
2019-01-06 23:34:49 ::1 (pid 18628) :Pub:!INFO: Creation du cache eaa190fbba1f3f3dedbfd6b7e0ba3a97.cache pour 43200 secondes
2019-01-06 23:34:59 ::1 (pid 18628) :Pub:!INFO: Creation du cache 2e073e09d2236dcebb6f96dfef063564.cache pour 43200 secondes
2019-01-06 23:34:59 ::1 (pid 18628) :Pri:!INFO: Creation du cache bb611e190d6c0af0a64c027a66aae7ed.cache pour 604800 secondes
2019-01-06 23:35:09 ::1 (pid 18628) :Pri:!INFO: Creation du cache 65ff1829c627e58c0f61a2df12051bee.cache pour 86400 secondes
2019-01-06 23:35:09 ::1 (pid 18628) :Pub:!INFO: Creation du cache 37d210a17287222546918e02e588a480.cache pour 360000 secondes
2019-01-06 23:35:14 ::1 (pid 18628) :Pub:!INFO: Creation du cache aead5c64527a3c96953c40a90eda6e86.cache pour 604800 secondes
2019-01-06 23:35:29 ::1 (pid 18628) :Pri:!INFO: Creation du cache 14c8ddc31fc90112936f1be2fe477236.cache pour 86400 secondes
2019-01-07 00:56:52 ::1 (pid 18628) :Pri:!INFO: Creation du cache 6b40ca2e762f6f8fff38777f09bd190a.cache pour 86400 secondes
2019-01-07 01:02:00 ::1 (pid 18628) :Pri:!INFO: Creation du cache 171fcb0f4e1f40080ee5882db30766ea.cache pour 86400 secondes
2019-01-07 01:02:05 ::1 (pid 18628) :Pri:!INFO: Creation du cache b9cf18f0ac3afa92ebb08c8aee56efe8.cache pour 86400 secondes
2019-01-07 01:03:15 ::1 (pid 18628) :Pri:!INFO: Creation du cache c328037b18133a5f5238c8b42736d410.cache pour 604800 secondes
2019-01-07 01:03:16 ::1 (pid 18628) :Pri:!INFO: Creation du cache 5f463a190c99358ad664c57399103c8d.cache pour 360000 secondes
2019-01-07 01:03:16 ::1 (pid 18628) :Pri:!INFO: Creation du cache 3f9d2d35272bee9034f6e1b081687fc9.cache pour 360000 secondes
2019-01-07 01:03:16 ::1 (pid 18628) :Pri:!INFO: Creation du cache dcf48af9c92faa403189bd115ff62142.cache pour 360000 secondes
2019-01-07 01:03:16 ::1 (pid 18628) :Pri:!INFO: Creation du cache 9e73e1e2f013c480bd15bc8012e1352a.cache pour 360000 secondes
2019-01-07 01:03:16 ::1 (pid 18628) :Pri:!INFO: Creation du cache 85190e4c628b0f1876a9072c5663a049.cache pour 360000 secondes
2019-01-07 01:03:17 ::1 (pid 18628) :Pri:!INFO: Creation du cache 0e6d832d4f8bbd4123c3ed2fd38dcc7b.cache pour 360000 secondes
2019-01-07 01:03:17 ::1 (pid 18628) :Pri:!INFO: Creation du cache a174ed5f8f8cc90c29ac8098cc7b4a2b.cache pour 360000 secondes
2019-01-07 01:03:17 ::1 (pid 18628) :Pri:!INFO: Creation du cache f4a2413955f3a3b1b869b871cad2c924.cache pour 360000 secondes
2019-01-07 01:03:17 ::1 (pid 18628) :Pri:!INFO: Creation du cache bb281babf32c2817dcaab021d0ceda97.cache pour 360000 secondes
2019-01-07 01:03:17 ::1 (pid 18628) :Pri:!INFO: Creation du cache cc3a8c0afd31702926e79ce879eab9b1.cache pour 360000 secondes
2019-01-07 01:03:17 ::1 (pid 18628) :Pri:!INFO: Creation du cache 2c20e1fab5722b7e5fc9a957dce3b318.cache pour 360000 secondes
2019-01-07 01:03:18 ::1 (pid 18628) :Pri:!INFO: Creation du cache 0cacb5a5c239351c89026c3e352459a3.cache pour 360000 secondes
2019-01-07 01:03:18 ::1 (pid 18628) :Pri:!INFO: Creation du cache 060b7672d37c39ab1b2f3d7d540388dc.cache pour 360000 secondes
2019-01-07 01:03:18 ::1 (pid 18628) :Pri:!INFO: Creation du cache e32641f1957ca0356930b64a902ebba2.cache pour 360000 secondes
2019-01-07 01:03:18 ::1 (pid 18628) :Pri:!INFO: Creation du cache ece1e3883dac18fd8d8f3632ceabb673.cache pour 360000 secondes
2019-01-07 01:03:19 ::1 (pid 18628) :Pri:!INFO: Creation du cache b16ceabfd72d5130d9cb0f33673de0ce.cache pour 360000 secondes
2019-01-07 01:03:20 ::1 (pid 18628) :Pri:!INFO: Creation du cache 3ea72efd32468701bbccf0df27fe087f.cache pour 360000 secondes
2019-01-07 01:03:20 ::1 (pid 18628) :Pri:!INFO: Creation du cache e39bf826e7b354b96d8490d69761fe5d.cache pour 360000 secondes
2019-01-07 01:03:20 ::1 (pid 18628) :Pri:!INFO: Creation du cache 3cec1a37fd5c12ba56af674e3f07da31.cache pour 360000 secondes
2019-01-07 01:03:20 ::1 (pid 18628) :Pri:!INFO: Creation du cache 287fbb71bf6a17b1903389d79bcaae54.cache pour 360000 secondes
2019-01-07 01:03:20 ::1 (pid 18628) :Pri:!INFO: Creation du cache 37a8d2f6d5a34ef98e2d5a9c14af5b30.cache pour 360000 secondes
2019-01-07 01:03:21 ::1 (pid 18628) :Pri:!INFO: Creation du cache d28b98068d05b2c009831d618d8a4204.cache pour 360000 secondes
2019-01-07 01:03:21 ::1 (pid 18628) :Pri:!INFO: Creation du cache f615de3f777b3ae6fa9bc1b36166e62b.cache pour 360000 secondes
2019-01-07 01:03:21 ::1 (pid 18628) :Pri:!INFO: Creation du cache 59a2786255b28d5d038da767fe0099fe.cache pour 360000 secondes
2019-01-07 01:03:21 ::1 (pid 18628) :Pri:!INFO: Creation du cache 8b438208dbb7619ab1bf2f67599b433a.cache pour 360000 secondes
2019-01-07 01:03:21 ::1 (pid 18628) :Pri:!INFO: Creation du cache a1822f8b7606d89cb7afca5a87b75bf6.cache pour 360000 secondes
2019-01-07 01:03:21 ::1 (pid 18628) :Pri:!INFO: Creation du cache 06627dba2dc257ddcb279face8df2cc6.cache pour 360000 secondes
2019-01-07 01:03:21 ::1 (pid 18628) :Pri:!INFO: Creation du cache dc56e19928cb8a030909cb86eb992ef2.cache pour 360000 secondes
2019-01-07 01:03:21 ::1 (pid 18628) :Pri:!INFO: Creation du cache 93136b9dc938c0a84f7c522c8aea722e.cache pour 360000 secondes
2019-01-07 01:03:21 ::1 (pid 18628) :Pri:!INFO: Creation du cache 52c1ca7d5e3027ecae33ba08adb07c9f.cache pour 360000 secondes
2019-01-07 01:03:22 ::1 (pid 18628) :Pri:!INFO: Creation du cache 2c53b70de98f3a1e9e87612801e7c079.cache pour 360000 secondes
2019-01-07 01:03:22 ::1 (pid 18628) :Pri:!INFO: Creation du cache 1a065c00da26c0721a6335533284eb15.cache pour 360000 secondes
2019-01-07 01:03:22 ::1 (pid 18628) :Pri:!INFO: Creation du cache 72940513cfb29124bf0d7fc83111c0c1.cache pour 360000 secondes
2019-01-07 01:03:28 ::1 (pid 18628) :Pub:!INFO: Creation du cache 0b8afa2cc82c0ba655e22b01c24c80e7.cache pour 360000 secondes
2019-01-07 01:03:35 ::1 (pid 18628) :Pri:!INFO: Creation du cache 0c77229c9132521c3b1475638c7b7e83.cache pour 86400 secondes
